<?xml version="1.0" encoding="UTF-8"?>
<!-- Generated by org.testng.reporters.JUnitReportReporter -->
<testsuite hostname="DESKTOP-7VJPA3V" failures="0" tests="3" name="org.amazon.Assessment" time="64.582" errors="0" timestamp="2024-08-30T10:44:28 IST" skipped="0">
  <testcase classname="org.amazon.Assessment" name="searchPage" time="13.338"/>
  <testcase classname="org.amazon.Assessment" name="checkoutPage" time="34.506"/>
  <testcase classname="org.amazon.Assessment" name="loginPage" time="16.738"/>
</testsuite> <!-- org.amazon.Assessment -->
